<?xml version="1.0" encoding="UTF-8"?>
<!-- Generated by org.testng.reporters.JUnitReportReporter -->
<testsuite hostname="pkm" name="test.LoginPageTest" tests="1" failures="0" timestamp="14 Dec 2022 14:03:18 GMT" time="6.360" errors="0">
  <testcase name="loginFn" time="6.360" classname="test.LoginPageTest"/>
</testsuite> <!-- test.LoginPageTest -->
