<?xml version="1.0" encoding="UTF-8"?>
<!-- Generated by org.testng.reporters.JUnitReportReporter -->
<testsuite hostname="pkm" name="test.TestLoginAndAddProducts" tests="1" failures="0" timestamp="14 Dec 2022 14:26:48 GMT" time="2.917" errors="0">
  <testcase name="loginFn" time="2.917" classname="test.TestLoginAndAddProducts"/>
</testsuite> <!-- test.TestLoginAndAddProducts -->
